I, [2021-08-12T22:04:22.827158 #1724]  INFO -- : Cleared interactions for example ""
I, [2021-08-12T22:04:22.900945 #1724]  INFO -- : Registered expected interaction GET /clients/1
D, [2021-08-12T22:04:22.901173 #1724] DEBUG -- : {
  "description": "A GET request to retrieve client details",
  "providerState": "Client Details for id '1'",
  "request": {
    "method": "get",
    "path": "/clients/1",
    "headers": {
      "Accept": "application/json"
    }
  },
  "response": {
    "status": 200,
    "headers": {
      "Content-Type": "application/json; charset=utf-8"
    },
    "body": {
      "firstName": "Lisa",
      "lastName": "Simpson",
      "age": 8,
      "id": 1
    }
  },
  "metadata": null
}
I, [2021-08-12T22:04:22.905681 #1724]  INFO -- : Received request GET /clients/1
D, [2021-08-12T22:04:22.905802 #1724] DEBUG -- : {
  "path": "/clients/1",
  "query": "",
  "method": "get",
  "headers": {
    "Host": "localhost:9224",
    "Accept": "application/json",
    "Version": "HTTP/1.1"
  }
}
I, [2021-08-12T22:04:22.906077 #1724]  INFO -- : Found matching response for GET /clients/1
D, [2021-08-12T22:04:22.906148 #1724] DEBUG -- : {
  "status": 200,
  "headers": {
    "Content-Type": "application/json; charset=utf-8"
  },
  "body": {
    "firstName": "Lisa",
    "lastName": "Simpson",
    "age": 8,
    "id": 1
  }
}
I, [2021-08-12T22:04:22.908084 #1724]  INFO -- : Verifying - interactions matched for example ""
I, [2021-08-12T22:04:22.921847 #1724]  INFO -- : Writing pact for clients to /Users/joyce/source/repos/DotNet/PactNet.XUnit/pacts/consumer-clients.json
I, [2021-08-12T22:04:22.925183 #1724]  INFO -- : Cleared interactions for example ""
